<html>
<head>
<title>TestNG:  Create customer API Test</title>
<link href="../testng.css" rel="stylesheet" type="text/css" />
<link href="../my-testng.css" rel="stylesheet" type="text/css" />

<style type="text/css">
.log { display: none;} 
.stack-trace { display: none;} 
</style>
<script type="text/javascript">
<!--
function flip(e) {
  current = e.style.display;
  if (current == 'block') {
    e.style.display = 'none';
    return 0;
  }
  else {
    e.style.display = 'block';
    return 1;
  }
}

function toggleBox(szDivId, elem, msg1, msg2)
{
  var res = -1;  if (document.getElementById) {
    res = flip(document.getElementById(szDivId));
  }
  else if (document.all) {
    // this is the way old msie versions work
    res = flip(document.all[szDivId]);
  }
  if(elem) {
    if(res == 0) elem.innerHTML = msg1; else elem.innerHTML = msg2;
  }

}

function toggleAllBoxes() {
  if (document.getElementsByTagName) {
    d = document.getElementsByTagName('div');
    for (i = 0; i < d.length; i++) {
      if (d[i].className == 'log') {
        flip(d[i]);
      }
    }
  }
}

// -->
</script>

</head>
<body>
<h2 align='center'>Create customer API Test</h2><table border='1' align="center">
<tr>
<td>Tests passed/Failed/Skipped:</td><td>3/0/0</td>
</tr><tr>
<td>Started on:</td><td>Sun Dec 26 11:03:42 IST 2021</td>
</tr>
<tr><td>Total time:</td><td>3 seconds (3722 ms)</td>
</tr><tr>
<td>Included groups:</td><td></td>
</tr><tr>
<td>Excluded groups:</td><td></td>
</tr>
</table><p/>
<small><i>(Hover the method name to see the test class name)</i></small><p/>
<table width='100%' border='1' class='invocation-failed'>
<tr><td colspan='4' align='center'><b>FAILED TESTS</b></td></tr>
<tr><td><b>Test method</b></td>
<td width="30%"><b>Exception</b></td>
<td width="10%"><b>Time (seconds)</b></td>
<td><b>Instance</b></td>
</tr>
<tr>
<td title='com.w2a.testingfranwork.testcases.DeleteCutsomerTest.deleteCustomer()'><b>deleteCustomer</b><br>Test class: com.w2a.testingfranwork.testcases.DeleteCutsomerTest<br>Parameters: {id=cus_KpxnyN1jeEeAjr}</td>
<td><div><pre>junit.framework.AssertionFailedError
	at junit.framework.Assert.fail(Assert.java:47)
	at junit.framework.Assert.assertTrue(Assert.java:20)
	at junit.framework.Assert.assertTrue(Assert.java:27)
	at com.w2a.testingfranwork.testcases.DeleteCutsomerTest.deleteCustomer(DeleteCutsomerTest.java:44)
	at java.util.concurrent.FutureTask.run(FutureTask.java:266)
	at java.util.concurrent.Executors$RunnableAdapter.call(Executors.java:511)
	at java.util.concurrent.FutureTask.run(FutureTask.java:266)
	at java.util.concurrent.ThreadPoolExecutor.runWorker(ThreadPoolExecutor.java:1149)
	at java.util.concurrent.ThreadPoolExecutor$Worker.run(ThreadPoolExecutor.java:624)
	at java.lang.Thread.run(Thread.java:748)
... Removed 9 stack frames</pre></div><a href='#' onClick='toggleBox("stack-trace777251669", this, "Click to show all stack frames", "Click to hide stack frames")'>Click to show all stack frames</a>
<div class='stack-trace' id='stack-trace777251669'><pre>junit.framework.AssertionFailedError
	at junit.framework.Assert.fail(Assert.java:47)
	at junit.framework.Assert.assertTrue(Assert.java:20)
	at junit.framework.Assert.assertTrue(Assert.java:27)
	at com.w2a.testingfranwork.testcases.DeleteCutsomerTest.deleteCustomer(DeleteCutsomerTest.java:44)
	at sun.reflect.NativeMethodAccessorImpl.invoke0(Native Method)
	at sun.reflect.NativeMethodAccessorImpl.invoke(NativeMethodAccessorImpl.java:62)
	at sun.reflect.DelegatingMethodAccessorImpl.invoke(DelegatingMethodAccessorImpl.java:43)
	at java.lang.reflect.Method.invoke(Method.java:498)
	at org.testng.internal.MethodInvocationHelper.invokeMethod(MethodInvocationHelper.java:133)
	at org.testng.internal.TestInvoker.invokeMethod(TestInvoker.java:584)
	at org.testng.internal.TestInvoker.invokeTestMethod(TestInvoker.java:172)
	at org.testng.internal.TestMethodWithDataProviderMethodWorker.call(TestMethodWithDataProviderMethodWorker.java:77)
	at org.testng.internal.TestMethodWithDataProviderMethodWorker.call(TestMethodWithDataProviderMethodWorker.java:15)
	at java.util.concurrent.FutureTask.run(FutureTask.java:266)
	at java.util.concurrent.Executors$RunnableAdapter.call(Executors.java:511)
	at java.util.concurrent.FutureTask.run(FutureTask.java:266)
	at java.util.concurrent.ThreadPoolExecutor.runWorker(ThreadPoolExecutor.java:1149)
	at java.util.concurrent.ThreadPoolExecutor$Worker.run(ThreadPoolExecutor.java:624)
	at java.lang.Thread.run(Thread.java:748)
</pre></div></td>
<td>3</td>
<td>com.w2a.testingfranwork.testcases.DeleteCutsomerTest@51f116b8</td></tr>
<tr>
<td title='com.w2a.testingfranwork.testcases.DeleteCutsomerTest.deleteCustomer()'><b>deleteCustomer</b><br>Test class: com.w2a.testingfranwork.testcases.DeleteCutsomerTest<br>Parameters: {id=cus_KoeJP4LD1n0y2z}</td>
<td><div><pre>junit.framework.AssertionFailedError
	at junit.framework.Assert.fail(Assert.java:47)
	at junit.framework.Assert.assertTrue(Assert.java:20)
	at junit.framework.Assert.assertTrue(Assert.java:27)
	at com.w2a.testingfranwork.testcases.DeleteCutsomerTest.deleteCustomer(DeleteCutsomerTest.java:44)
	at java.util.concurrent.FutureTask.run(FutureTask.java:266)
	at java.util.concurrent.Executors$RunnableAdapter.call(Executors.java:511)
	at java.util.concurrent.FutureTask.run(FutureTask.java:266)
	at java.util.concurrent.ThreadPoolExecutor.runWorker(ThreadPoolExecutor.java:1149)
	at java.util.concurrent.ThreadPoolExecutor$Worker.run(ThreadPoolExecutor.java:624)
	at java.lang.Thread.run(Thread.java:748)
... Removed 9 stack frames</pre></div><a href='#' onClick='toggleBox("stack-trace142617802", this, "Click to show all stack frames", "Click to hide stack frames")'>Click to show all stack frames</a>
<div class='stack-trace' id='stack-trace142617802'><pre>junit.framework.AssertionFailedError
	at junit.framework.Assert.fail(Assert.java:47)
	at junit.framework.Assert.assertTrue(Assert.java:20)
	at junit.framework.Assert.assertTrue(Assert.java:27)
	at com.w2a.testingfranwork.testcases.DeleteCutsomerTest.deleteCustomer(DeleteCutsomerTest.java:44)
	at sun.reflect.NativeMethodAccessorImpl.invoke0(Native Method)
	at sun.reflect.NativeMethodAccessorImpl.invoke(NativeMethodAccessorImpl.java:62)
	at sun.reflect.DelegatingMethodAccessorImpl.invoke(DelegatingMethodAccessorImpl.java:43)
	at java.lang.reflect.Method.invoke(Method.java:498)
	at org.testng.internal.MethodInvocationHelper.invokeMethod(MethodInvocationHelper.java:133)
	at org.testng.internal.TestInvoker.invokeMethod(TestInvoker.java:584)
	at org.testng.internal.TestInvoker.invokeTestMethod(TestInvoker.java:172)
	at org.testng.internal.TestMethodWithDataProviderMethodWorker.call(TestMethodWithDataProviderMethodWorker.java:77)
	at org.testng.internal.TestMethodWithDataProviderMethodWorker.call(TestMethodWithDataProviderMethodWorker.java:15)
	at java.util.concurrent.FutureTask.run(FutureTask.java:266)
	at java.util.concurrent.Executors$RunnableAdapter.call(Executors.java:511)
	at java.util.concurrent.FutureTask.run(FutureTask.java:266)
	at java.util.concurrent.ThreadPoolExecutor.runWorker(ThreadPoolExecutor.java:1149)
	at java.util.concurrent.ThreadPoolExecutor$Worker.run(ThreadPoolExecutor.java:624)
	at java.lang.Thread.run(Thread.java:748)
</pre></div></td>
<td>3</td>
<td>com.w2a.testingfranwork.testcases.DeleteCutsomerTest@51f116b8</td></tr>
<tr>
<td title='com.w2a.testingfranwork.testcases.DeleteCutsomerTest.deleteCustomer()'><b>deleteCustomer</b><br>Test class: com.w2a.testingfranwork.testcases.DeleteCutsomerTest</td>
<td><div><pre>org.testng.TestNGException: java.util.concurrent.ExecutionException: java.lang.NullPointerException
	at java.util.ArrayList.forEach(ArrayList.java:1259)
	at java.util.concurrent.FutureTask.run(FutureTask.java:266)
	at java.util.concurrent.ThreadPoolExecutor.runWorker(ThreadPoolExecutor.java:1149)
	at java.util.concurrent.ThreadPoolExecutor$Worker.run(ThreadPoolExecutor.java:624)
	at java.lang.Thread.run(Thread.java:748)
Caused by: java.util.concurrent.ExecutionException: java.lang.NullPointerException
	at java.util.concurrent.FutureTask.report(FutureTask.java:122)
	at java.util.concurrent.FutureTask.get(FutureTask.java:192)
	... 16 more
Caused by: java.lang.NullPointerException
	at com.w2a.ApiTestingFrameowork.reports.ExtentListeners.onTestFailure(ExtentListeners.java:53)
	at java.util.concurrent.FutureTask.run(FutureTask.java:266)
	at java.util.concurrent.Executors$RunnableAdapter.call(Executors.java:511)
	... 4 more
... Removed 19 stack frames</pre></div><a href='#' onClick='toggleBox("stack-trace1361218581", this, "Click to show all stack frames", "Click to hide stack frames")'>Click to show all stack frames</a>
<div class='stack-trace' id='stack-trace1361218581'><pre>org.testng.TestNGException: java.util.concurrent.ExecutionException: java.lang.NullPointerException
	at org.testng.internal.PoolService.submitTasksAndWait(PoolService.java:54)
	at org.testng.internal.MethodRunner.runInParallel(MethodRunner.java:128)
	at org.testng.internal.TestInvoker$MethodInvocationAgent.invoke(TestInvoker.java:799)
	at org.testng.internal.TestInvoker.invokeTestMethods(TestInvoker.java:145)
	at org.testng.internal.TestMethodWorker.invokeTestMethods(TestMethodWorker.java:146)
	at org.testng.internal.TestMethodWorker.run(TestMethodWorker.java:128)
	at java.util.ArrayList.forEach(ArrayList.java:1259)
	at org.testng.TestRunner.privateRun(TestRunner.java:770)
	at org.testng.TestRunner.run(TestRunner.java:591)
	at org.testng.SuiteRunner.runTest(SuiteRunner.java:402)
	at org.testng.SuiteRunner.access$000(SuiteRunner.java:41)
	at org.testng.SuiteRunner$SuiteWorker.run(SuiteRunner.java:443)
	at org.testng.internal.thread.ThreadUtil.lambda$execute$0(ThreadUtil.java:67)
	at java.util.concurrent.FutureTask.run(FutureTask.java:266)
	at java.util.concurrent.ThreadPoolExecutor.runWorker(ThreadPoolExecutor.java:1149)
	at java.util.concurrent.ThreadPoolExecutor$Worker.run(ThreadPoolExecutor.java:624)
	at java.lang.Thread.run(Thread.java:748)
Caused by: java.util.concurrent.ExecutionException: java.lang.NullPointerException
	at java.util.concurrent.FutureTask.report(FutureTask.java:122)
	at java.util.concurrent.FutureTask.get(FutureTask.java:192)
	at org.testng.internal.PoolService.submitTasksAndWait(PoolService.java:52)
	... 16 more
Caused by: java.lang.NullPointerException
	at com.w2a.ApiTestingFrameowork.reports.ExtentListeners.onTestFailure(ExtentListeners.java:53)
	at org.testng.internal.TestListenerHelper.runTestListeners(TestListenerHelper.java:66)
	at org.testng.internal.TestInvoker.runTestResultListener(TestInvoker.java:210)
	at org.testng.internal.TestInvoker.invokeMethod(TestInvoker.java:638)
	at org.testng.internal.TestInvoker.invokeTestMethod(TestInvoker.java:172)
	at org.testng.internal.TestMethodWithDataProviderMethodWorker.call(TestMethodWithDataProviderMethodWorker.java:77)
	at org.testng.internal.TestMethodWithDataProviderMethodWorker.call(TestMethodWithDataProviderMethodWorker.java:15)
	at java.util.concurrent.FutureTask.run(FutureTask.java:266)
	at java.util.concurrent.Executors$RunnableAdapter.call(Executors.java:511)
	... 4 more
</pre></div></td>
<td>3</td>
<td>com.w2a.testingfranwork.testcases.DeleteCutsomerTest@51f116b8</td></tr>
</table><p>
<table width='100%' border='1' class='invocation-passed'>
<tr><td colspan='4' align='center'><b>PASSED TESTS</b></td></tr>
<tr><td><b>Test method</b></td>
<td width="30%"><b>Exception</b></td>
<td width="10%"><b>Time (seconds)</b></td>
<td><b>Instance</b></td>
</tr>
<tr>
<td title='com.w2a.testingfranwork.testcases.createCustomerTest.validateCreatecustomerAPIwithvalidSecretKey()'><b>validateCreatecustomerAPIwithvalidSecretKey</b><br>Test class: com.w2a.testingfranwork.testcases.createCustomerTest<br>Parameters: {email=dggd@gmail.com, name=vxv, validsecretkey=sk_test_51I5xPKBgC9iRmF0qvKUMsytLiI4x0pTke7X2f3B4AnxUjFBmiYHGw8tUqotuqHyjHy7VCJQt8wR54EQ4Ilj7zNmA00CAqx6zJM, description=dgdfhfgj}</td>
<td></td>
<td>3</td>
<td>com.w2a.testingfranwork.testcases.createCustomerTest@524d6d96</td></tr>
<tr>
<td title='com.w2a.testingfranwork.testcases.createCustomerTest.validateCreatecustomerAPIwithvalidSecretKey()'><b>validateCreatecustomerAPIwithvalidSecretKey</b><br>Test class: com.w2a.testingfranwork.testcases.createCustomerTest<br>Parameters: {email=dggd@gmail.com, name=mishra, validsecretkey=sk_test_51I5xPKBgC9iRmF0qvKUMsytLiI4x0pTke7X2f3B4AnxUjFBmiYHGw8tUqotuqHyjHy7VCJQt8wR54EQ4Ilj7zNmA00CAqx6zJM, description=tet done}</td>
<td></td>
<td>3</td>
<td>com.w2a.testingfranwork.testcases.createCustomerTest@524d6d96</td></tr>
<tr>
<td title='com.w2a.testingfranwork.testcases.createCustomerTest.validateCreatecustomerAPIwithvalidSecretKey()'><b>validateCreatecustomerAPIwithvalidSecretKey</b><br>Test class: com.w2a.testingfranwork.testcases.createCustomerTest<br>Parameters: {email=shubham@way2automation.com, name=shubham, validsecretkey=sk_test_51I5xPKBgC9iRmF0qvKUMsytLiI4x0pTke7X2f3B4AnxUjFBmiYHGw8tUqotuqHyjHy7VCJQt8wR54EQ4Ilj7zNmA00CAqx6zJM, description=sfhksdfhksdfh}</td>
<td></td>
<td>3</td>
<td>com.w2a.testingfranwork.testcases.createCustomerTest@524d6d96</td></tr>
</table><p>
</body>
</html>